<?xml version="1.0" encoding="UTF-8"?>
<testsuite xmlns:xsi="http://www.w3.org/2001/XMLSchema-instance" xsi:noNamespaceSchemaLocation="https://maven.apache.org/surefire/maven-surefire-plugin/xsd/surefire-test-report-3.0.xsd" version="3.0" name="com.example.myproject.MainTest" time="1.464" tests="3" errors="0" skipped="0" failures="0">
  <properties>
    <property name="java.specification.version" value="21"/>
    <property name="sun.jnu.encoding" value="UTF-8"/>
    <property name="java.class.path" value="/workspaces/helidon-demo/target/test-classes:/workspaces/helidon-demo/target/classes:/home/codespace/.m2/repository/io/helidon/webserver/helidon-webserver/4.1.4/helidon-webserver-4.1.4.jar:/home/codespace/.m2/repository/io/helidon/helidon/4.1.4/helidon-4.1.4.jar:/home/codespace/.m2/repository/io/helidon/http/helidon-http/4.1.4/helidon-http-4.1.4.jar:/home/codespace/.m2/repository/io/helidon/common/helidon-common-configurable/4.1.4/helidon-common-configurable-4.1.4.jar:/home/codespace/.m2/repository/io/helidon/common/helidon-common-buffers/4.1.4/helidon-common-buffers-4.1.4.jar:/home/codespace/.m2/repository/io/helidon/common/helidon-common-mapper/4.1.4/helidon-common-mapper-4.1.4.jar:/home/codespace/.m2/repository/io/helidon/common/helidon-common-media-type/4.1.4/helidon-common-media-type-4.1.4.jar:/home/codespace/.m2/repository/io/helidon/common/helidon-common-uri/4.1.4/helidon-common-uri-4.1.4.jar:/home/codespace/.m2/repository/io/helidon/common/helidon-common-parameters/4.1.4/helidon-common-parameters-4.1.4.jar:/home/codespace/.m2/repository/io/helidon/common/helidon-common-socket/4.1.4/helidon-common-socket-4.1.4.jar:/home/codespace/.m2/repository/io/helidon/common/helidon-common-context/4.1.4/helidon-common-context-4.1.4.jar:/home/codespace/.m2/repository/io/helidon/common/helidon-common-key-util/4.1.4/helidon-common-key-util-4.1.4.jar:/home/codespace/.m2/repository/io/helidon/common/helidon-common-security/4.1.4/helidon-common-security-4.1.4.jar:/home/codespace/.m2/repository/io/helidon/common/helidon-common-task/4.1.4/helidon-common-task-4.1.4.jar:/home/codespace/.m2/repository/io/helidon/common/helidon-common-tls/4.1.4/helidon-common-tls-4.1.4.jar:/home/codespace/.m2/repository/io/helidon/logging/helidon-logging-common/4.1.4/helidon-logging-common-4.1.4.jar:/home/codespace/.m2/repository/io/helidon/http/media/helidon-http-media/4.1.4/helidon-http-media-4.1.4.jar:/home/codespace/.m2/repository/io/helidon/http/encoding/helidon-http-encoding/4.1.4/helidon-http-encoding-4.1.4.jar:/home/codespace/.m2/repository/io/helidon/common/features/helidon-common-features/4.1.4/helidon-common-features-4.1.4.jar:/home/codespace/.m2/repository/io/helidon/common/features/helidon-common-features-api/4.1.4/helidon-common-features-api-4.1.4.jar:/home/codespace/.m2/repository/io/helidon/common/concurrency/helidon-common-concurrency-limits/4.1.4/helidon-common-concurrency-limits-4.1.4.jar:/home/codespace/.m2/repository/io/helidon/config/helidon-config/4.1.4/helidon-config-4.1.4.jar:/home/codespace/.m2/repository/io/helidon/webserver/helidon-webserver-websocket/4.1.4/helidon-webserver-websocket-4.1.4.jar:/home/codespace/.m2/repository/io/helidon/websocket/helidon-websocket/4.1.4/helidon-websocket-4.1.4.jar:/home/codespace/.m2/repository/io/helidon/builder/helidon-builder-api/4.1.4/helidon-builder-api-4.1.4.jar:/home/codespace/.m2/repository/jakarta/websocket/jakarta.websocket-api/2.1.0/jakarta.websocket-api-2.1.0.jar:/home/codespace/.m2/repository/org/glassfish/tyrus/bundles/tyrus-standalone-client/2.0.0/tyrus-standalone-client-2.0.0.jar:/home/codespace/.m2/repository/io/helidon/config/helidon-config-yaml/4.1.4/helidon-config-yaml-4.1.4.jar:/home/codespace/.m2/repository/io/helidon/common/helidon-common/4.1.4/helidon-common-4.1.4.jar:/home/codespace/.m2/repository/org/yaml/snakeyaml/2.2/snakeyaml-2.2.jar:/home/codespace/.m2/repository/io/helidon/webserver/observe/helidon-webserver-observe-health/4.1.4/helidon-webserver-observe-health-4.1.4.jar:/home/codespace/.m2/repository/io/helidon/webserver/observe/helidon-webserver-observe/4.1.4/helidon-webserver-observe-4.1.4.jar:/home/codespace/.m2/repository/io/helidon/webserver/helidon-webserver-cors/4.1.4/helidon-webserver-cors-4.1.4.jar:/home/codespace/.m2/repository/io/helidon/cors/helidon-cors/4.1.4/helidon-cors-4.1.4.jar:/home/codespace/.m2/repository/io/helidon/health/helidon-health/4.1.4/helidon-health-4.1.4.jar:/home/codespace/.m2/repository/io/helidon/webserver/helidon-webserver-service-common/4.1.4/helidon-webserver-service-common-4.1.4.jar:/home/codespace/.m2/repository/io/helidon/health/helidon-health-checks/4.1.4/helidon-health-checks-4.1.4.jar:/home/codespace/.m2/repository/io/helidon/common/helidon-common-config/4.1.4/helidon-common-config-4.1.4.jar:/home/codespace/.m2/repository/jakarta/json/jakarta.json-api/2.1.3/jakarta.json-api-2.1.3.jar:/home/codespace/.m2/repository/io/helidon/http/media/helidon-http-media-jsonp/4.1.4/helidon-http-media-jsonp-4.1.4.jar:/home/codespace/.m2/repository/org/eclipse/parsson/parsson/1.1.6/parsson-1.1.6.jar:/home/codespace/.m2/repository/io/helidon/logging/helidon-logging-jul/4.1.4/helidon-logging-jul-4.1.4.jar:/home/codespace/.m2/repository/io/helidon/metadata/helidon-metadata-hson/4.1.4/helidon-metadata-hson-4.1.4.jar:/home/codespace/.m2/repository/io/helidon/webserver/observe/helidon-webserver-observe-metrics/4.1.4/helidon-webserver-observe-metrics-4.1.4.jar:/home/codespace/.m2/repository/io/helidon/metrics/helidon-metrics-api/4.1.4/helidon-metrics-api-4.1.4.jar:/home/codespace/.m2/repository/io/helidon/metrics/providers/helidon-metrics-providers-micrometer/4.1.4/helidon-metrics-providers-micrometer-4.1.4.jar:/home/codespace/.m2/repository/io/micrometer/micrometer-core/1.11.3/micrometer-core-1.11.3.jar:/home/codespace/.m2/repository/io/micrometer/micrometer-commons/1.11.3/micrometer-commons-1.11.3.jar:/home/codespace/.m2/repository/io/micrometer/micrometer-observation/1.11.3/micrometer-observation-1.11.3.jar:/home/codespace/.m2/repository/org/hdrhistogram/HdrHistogram/2.1.12/HdrHistogram-2.1.12.jar:/home/codespace/.m2/repository/org/latencyutils/LatencyUtils/2.0.3/LatencyUtils-2.0.3.jar:/home/codespace/.m2/repository/io/micrometer/micrometer-registry-prometheus/1.11.3/micrometer-registry-prometheus-1.11.3.jar:/home/codespace/.m2/repository/io/prometheus/simpleclient_common/0.16.0/simpleclient_common-0.16.0.jar:/home/codespace/.m2/repository/io/prometheus/simpleclient/0.16.0/simpleclient-0.16.0.jar:/home/codespace/.m2/repository/io/prometheus/simpleclient_tracer_otel/0.16.0/simpleclient_tracer_otel-0.16.0.jar:/home/codespace/.m2/repository/io/prometheus/simpleclient_tracer_otel_agent/0.16.0/simpleclient_tracer_otel_agent-0.16.0.jar:/home/codespace/.m2/repository/io/prometheus/simpleclient_tracer_common/0.16.0/simpleclient_tracer_common-0.16.0.jar:/home/codespace/.m2/repository/io/helidon/metrics/helidon-metrics-system-meters/4.1.4/helidon-metrics-system-meters-4.1.4.jar:/home/codespace/.m2/repository/io/helidon/webclient/helidon-webclient/4.1.4/helidon-webclient-4.1.4.jar:/home/codespace/.m2/repository/io/helidon/webclient/helidon-webclient-api/4.1.4/helidon-webclient-api-4.1.4.jar:/home/codespace/.m2/repository/io/helidon/webclient/helidon-webclient-http1/4.1.4/helidon-webclient-http1-4.1.4.jar:/home/codespace/.m2/repository/org/junit/jupiter/junit-jupiter-api/5.9.3/junit-jupiter-api-5.9.3.jar:/home/codespace/.m2/repository/org/opentest4j/opentest4j/1.2.0/opentest4j-1.2.0.jar:/home/codespace/.m2/repository/org/junit/platform/junit-platform-commons/1.9.3/junit-platform-commons-1.9.3.jar:/home/codespace/.m2/repository/org/apiguardian/apiguardian-api/1.1.2/apiguardian-api-1.1.2.jar:/home/codespace/.m2/repository/org/hamcrest/hamcrest-all/1.3/hamcrest-all-1.3.jar:/home/codespace/.m2/repository/io/helidon/webserver/testing/junit5/helidon-webserver-testing-junit5/4.1.4/helidon-webserver-testing-junit5-4.1.4.jar:/home/codespace/.m2/repository/io/helidon/common/testing/helidon-common-testing-http-junit5/4.1.4/helidon-common-testing-http-junit5-4.1.4.jar:/home/codespace/.m2/repository/io/helidon/common/testing/helidon-common-testing-junit5/4.1.4/helidon-common-testing-junit5-4.1.4.jar:"/>
    <property name="helidon.config.profile" value="test"/>
    <property name="java.vm.vendor" value="Microsoft"/>
    <property name="sun.arch.data.model" value="64"/>
    <property name="java.vendor.url" value="https://www.microsoft.com"/>
    <property name="user.timezone" value="Etc/UTC"/>
    <property name="os.name" value="Linux"/>
    <property name="java.vm.specification.version" value="21"/>
    <property name="sun.java.launcher" value="SUN_STANDARD"/>
    <property name="sun.boot.library.path" value="/usr/local/sdkman/candidates/java/21.0.4-ms/lib"/>
    <property name="sun.java.command" value="/workspaces/helidon-demo/target/surefire/surefirebooter-20241205135559135_3.jar /workspaces/helidon-demo/target/surefire 2024-12-05T13-55-59_039-jvmRun1 surefire-20241205135559135_1tmp surefire_0-20241205135559135_2tmp"/>
    <property name="jdk.debug" value="release"/>
    <property name="surefire.test.class.path" value="/workspaces/helidon-demo/target/test-classes:/workspaces/helidon-demo/target/classes:/home/codespace/.m2/repository/io/helidon/webserver/helidon-webserver/4.1.4/helidon-webserver-4.1.4.jar:/home/codespace/.m2/repository/io/helidon/helidon/4.1.4/helidon-4.1.4.jar:/home/codespace/.m2/repository/io/helidon/http/helidon-http/4.1.4/helidon-http-4.1.4.jar:/home/codespace/.m2/repository/io/helidon/common/helidon-common-configurable/4.1.4/helidon-common-configurable-4.1.4.jar:/home/codespace/.m2/repository/io/helidon/common/helidon-common-buffers/4.1.4/helidon-common-buffers-4.1.4.jar:/home/codespace/.m2/repository/io/helidon/common/helidon-common-mapper/4.1.4/helidon-common-mapper-4.1.4.jar:/home/codespace/.m2/repository/io/helidon/common/helidon-common-media-type/4.1.4/helidon-common-media-type-4.1.4.jar:/home/codespace/.m2/repository/io/helidon/common/helidon-common-uri/4.1.4/helidon-common-uri-4.1.4.jar:/home/codespace/.m2/repository/io/helidon/common/helidon-common-parameters/4.1.4/helidon-common-parameters-4.1.4.jar:/home/codespace/.m2/repository/io/helidon/common/helidon-common-socket/4.1.4/helidon-common-socket-4.1.4.jar:/home/codespace/.m2/repository/io/helidon/common/helidon-common-context/4.1.4/helidon-common-context-4.1.4.jar:/home/codespace/.m2/repository/io/helidon/common/helidon-common-key-util/4.1.4/helidon-common-key-util-4.1.4.jar:/home/codespace/.m2/repository/io/helidon/common/helidon-common-security/4.1.4/helidon-common-security-4.1.4.jar:/home/codespace/.m2/repository/io/helidon/common/helidon-common-task/4.1.4/helidon-common-task-4.1.4.jar:/home/codespace/.m2/repository/io/helidon/common/helidon-common-tls/4.1.4/helidon-common-tls-4.1.4.jar:/home/codespace/.m2/repository/io/helidon/logging/helidon-logging-common/4.1.4/helidon-logging-common-4.1.4.jar:/home/codespace/.m2/repository/io/helidon/http/media/helidon-http-media/4.1.4/helidon-http-media-4.1.4.jar:/home/codespace/.m2/repository/io/helidon/http/encoding/helidon-http-encoding/4.1.4/helidon-http-encoding-4.1.4.jar:/home/codespace/.m2/repository/io/helidon/common/features/helidon-common-features/4.1.4/helidon-common-features-4.1.4.jar:/home/codespace/.m2/repository/io/helidon/common/features/helidon-common-features-api/4.1.4/helidon-common-features-api-4.1.4.jar:/home/codespace/.m2/repository/io/helidon/common/concurrency/helidon-common-concurrency-limits/4.1.4/helidon-common-concurrency-limits-4.1.4.jar:/home/codespace/.m2/repository/io/helidon/config/helidon-config/4.1.4/helidon-config-4.1.4.jar:/home/codespace/.m2/repository/io/helidon/webserver/helidon-webserver-websocket/4.1.4/helidon-webserver-websocket-4.1.4.jar:/home/codespace/.m2/repository/io/helidon/websocket/helidon-websocket/4.1.4/helidon-websocket-4.1.4.jar:/home/codespace/.m2/repository/io/helidon/builder/helidon-builder-api/4.1.4/helidon-builder-api-4.1.4.jar:/home/codespace/.m2/repository/jakarta/websocket/jakarta.websocket-api/2.1.0/jakarta.websocket-api-2.1.0.jar:/home/codespace/.m2/repository/org/glassfish/tyrus/bundles/tyrus-standalone-client/2.0.0/tyrus-standalone-client-2.0.0.jar:/home/codespace/.m2/repository/io/helidon/config/helidon-config-yaml/4.1.4/helidon-config-yaml-4.1.4.jar:/home/codespace/.m2/repository/io/helidon/common/helidon-common/4.1.4/helidon-common-4.1.4.jar:/home/codespace/.m2/repository/org/yaml/snakeyaml/2.2/snakeyaml-2.2.jar:/home/codespace/.m2/repository/io/helidon/webserver/observe/helidon-webserver-observe-health/4.1.4/helidon-webserver-observe-health-4.1.4.jar:/home/codespace/.m2/repository/io/helidon/webserver/observe/helidon-webserver-observe/4.1.4/helidon-webserver-observe-4.1.4.jar:/home/codespace/.m2/repository/io/helidon/webserver/helidon-webserver-cors/4.1.4/helidon-webserver-cors-4.1.4.jar:/home/codespace/.m2/repository/io/helidon/cors/helidon-cors/4.1.4/helidon-cors-4.1.4.jar:/home/codespace/.m2/repository/io/helidon/health/helidon-health/4.1.4/helidon-health-4.1.4.jar:/home/codespace/.m2/repository/io/helidon/webserver/helidon-webserver-service-common/4.1.4/helidon-webserver-service-common-4.1.4.jar:/home/codespace/.m2/repository/io/helidon/health/helidon-health-checks/4.1.4/helidon-health-checks-4.1.4.jar:/home/codespace/.m2/repository/io/helidon/common/helidon-common-config/4.1.4/helidon-common-config-4.1.4.jar:/home/codespace/.m2/repository/jakarta/json/jakarta.json-api/2.1.3/jakarta.json-api-2.1.3.jar:/home/codespace/.m2/repository/io/helidon/http/media/helidon-http-media-jsonp/4.1.4/helidon-http-media-jsonp-4.1.4.jar:/home/codespace/.m2/repository/org/eclipse/parsson/parsson/1.1.6/parsson-1.1.6.jar:/home/codespace/.m2/repository/io/helidon/logging/helidon-logging-jul/4.1.4/helidon-logging-jul-4.1.4.jar:/home/codespace/.m2/repository/io/helidon/metadata/helidon-metadata-hson/4.1.4/helidon-metadata-hson-4.1.4.jar:/home/codespace/.m2/repository/io/helidon/webserver/observe/helidon-webserver-observe-metrics/4.1.4/helidon-webserver-observe-metrics-4.1.4.jar:/home/codespace/.m2/repository/io/helidon/metrics/helidon-metrics-api/4.1.4/helidon-metrics-api-4.1.4.jar:/home/codespace/.m2/repository/io/helidon/metrics/providers/helidon-metrics-providers-micrometer/4.1.4/helidon-metrics-providers-micrometer-4.1.4.jar:/home/codespace/.m2/repository/io/micrometer/micrometer-core/1.11.3/micrometer-core-1.11.3.jar:/home/codespace/.m2/repository/io/micrometer/micrometer-commons/1.11.3/micrometer-commons-1.11.3.jar:/home/codespace/.m2/repository/io/micrometer/micrometer-observation/1.11.3/micrometer-observation-1.11.3.jar:/home/codespace/.m2/repository/org/hdrhistogram/HdrHistogram/2.1.12/HdrHistogram-2.1.12.jar:/home/codespace/.m2/repository/org/latencyutils/LatencyUtils/2.0.3/LatencyUtils-2.0.3.jar:/home/codespace/.m2/repository/io/micrometer/micrometer-registry-prometheus/1.11.3/micrometer-registry-prometheus-1.11.3.jar:/home/codespace/.m2/repository/io/prometheus/simpleclient_common/0.16.0/simpleclient_common-0.16.0.jar:/home/codespace/.m2/repository/io/prometheus/simpleclient/0.16.0/simpleclient-0.16.0.jar:/home/codespace/.m2/repository/io/prometheus/simpleclient_tracer_otel/0.16.0/simpleclient_tracer_otel-0.16.0.jar:/home/codespace/.m2/repository/io/prometheus/simpleclient_tracer_otel_agent/0.16.0/simpleclient_tracer_otel_agent-0.16.0.jar:/home/codespace/.m2/repository/io/prometheus/simpleclient_tracer_common/0.16.0/simpleclient_tracer_common-0.16.0.jar:/home/codespace/.m2/repository/io/helidon/metrics/helidon-metrics-system-meters/4.1.4/helidon-metrics-system-meters-4.1.4.jar:/home/codespace/.m2/repository/io/helidon/webclient/helidon-webclient/4.1.4/helidon-webclient-4.1.4.jar:/home/codespace/.m2/repository/io/helidon/webclient/helidon-webclient-api/4.1.4/helidon-webclient-api-4.1.4.jar:/home/codespace/.m2/repository/io/helidon/webclient/helidon-webclient-http1/4.1.4/helidon-webclient-http1-4.1.4.jar:/home/codespace/.m2/repository/org/junit/jupiter/junit-jupiter-api/5.9.3/junit-jupiter-api-5.9.3.jar:/home/codespace/.m2/repository/org/opentest4j/opentest4j/1.2.0/opentest4j-1.2.0.jar:/home/codespace/.m2/repository/org/junit/platform/junit-platform-commons/1.9.3/junit-platform-commons-1.9.3.jar:/home/codespace/.m2/repository/org/apiguardian/apiguardian-api/1.1.2/apiguardian-api-1.1.2.jar:/home/codespace/.m2/repository/org/hamcrest/hamcrest-all/1.3/hamcrest-all-1.3.jar:/home/codespace/.m2/repository/io/helidon/webserver/testing/junit5/helidon-webserver-testing-junit5/4.1.4/helidon-webserver-testing-junit5-4.1.4.jar:/home/codespace/.m2/repository/io/helidon/common/testing/helidon-common-testing-http-junit5/4.1.4/helidon-common-testing-http-junit5-4.1.4.jar:/home/codespace/.m2/repository/io/helidon/common/testing/helidon-common-testing-junit5/4.1.4/helidon-common-testing-junit5-4.1.4.jar:"/>
    <property name="sun.cpu.endian" value="little"/>
    <property name="user.home" value="/home/codespace"/>
    <property name="user.language" value="en"/>
    <property name="java.specification.vendor" value="Oracle Corporation"/>
    <property name="java.version.date" value="2024-07-16"/>
    <property name="java.home" value="/usr/local/sdkman/candidates/java/21.0.4-ms"/>
    <property name="file.separator" value="/"/>
    <property name="basedir" value="/workspaces/helidon-demo"/>
    <property name="java.vm.compressedOopsMode" value="32-bit"/>
    <property name="line.separator" value="&#10;"/>
    <property name="java.vm.specification.vendor" value="Oracle Corporation"/>
    <property name="java.specification.name" value="Java Platform API Specification"/>
    <property name="surefire.real.class.path" value="/workspaces/helidon-demo/target/surefire/surefirebooter-20241205135559135_3.jar"/>
    <property name="java.util.logging.config.file" value="/workspaces/helidon-demo/target/classes/logging.properties"/>
    <property name="sun.management.compiler" value="HotSpot 64-Bit Tiered Compilers"/>
    <property name="java.runtime.version" value="21.0.4+7-LTS"/>
    <property name="user.name" value="codespace"/>
    <property name="stdout.encoding" value="UTF-8"/>
    <property name="path.separator" value=":"/>
    <property name="os.version" value="6.5.0-1025-azure"/>
    <property name="java.runtime.name" value="OpenJDK Runtime Environment"/>
    <property name="file.encoding" value="UTF-8"/>
    <property name="java.vm.name" value="OpenJDK 64-Bit Server VM"/>
    <property name="java.vendor.version" value="Microsoft-9889606"/>
    <property name="localRepository" value="/home/codespace/.m2/repository"/>
    <property name="java.vendor.url.bug" value="https://github.com/microsoft/openjdk/issues"/>
    <property name="java.io.tmpdir" value="/tmp"/>
    <property name="java.version" value="21.0.4"/>
    <property name="user.dir" value="/workspaces/helidon-demo"/>
    <property name="os.arch" value="amd64"/>
    <property name="java.vm.specification.name" value="Java Virtual Machine Specification"/>
    <property name="native.encoding" value="UTF-8"/>
    <property name="java.library.path" value="/usr/java/packages/lib:/usr/lib64:/lib64:/lib:/usr/lib"/>
    <property name="java.vm.info" value="mixed mode, sharing"/>
    <property name="stderr.encoding" value="UTF-8"/>
    <property name="java.vendor" value="Microsoft"/>
    <property name="java.vm.version" value="21.0.4+7-LTS"/>
    <property name="sun.io.unicode.encoding" value="UnicodeLittle"/>
    <property name="java.class.version" value="65.0"/>
  </properties>
  <testcase name="testSimpleGreet" classname="com.example.myproject.MainTest" time="0.146">
    <system-err><![CDATA[2024.12.05 13:55:59.988 Logging at runtime configured using /workspaces/helidon-demo/target/classes/logging.properties
]]></system-err>
  </testcase>
  <testcase name="testMetricsObserver" classname="com.example.myproject.MainTest" time="0.025"/>
  <testcase name="testGreeting" classname="com.example.myproject.MainTest" time="0.016"/>
</testsuite>